[debug] [2023-11-12T01:38:24.726Z] ----------------------------------------------------------------------
[debug] [2023-11-12T01:38:24.728Z] Command:       /usr/local/bin/node /usr/local/bin/firebase init
[debug] [2023-11-12T01:38:24.728Z] CLI Version:   12.8.1
[debug] [2023-11-12T01:38:24.729Z] Platform:      darwin
[debug] [2023-11-12T01:38:24.729Z] Node Version:  v18.15.0
[debug] [2023-11-12T01:38:24.731Z] Time:          Sat Nov 11 2023 18:38:24 GMT-0700 (Mountain Standard Time)
[debug] [2023-11-12T01:38:24.731Z] ----------------------------------------------------------------------
[debug] 
[debug] [2023-11-12T01:38:24.737Z] > command requires scopes: ["email","openid","https://www.googleapis.com/auth/cloudplatformprojects.readonly","https://www.googleapis.com/auth/firebase","https://www.googleapis.com/auth/cloud-platform"]
[debug] [2023-11-12T01:38:24.737Z] > authorizing via signed-in user (joshuadanpeterson@gmail.com)
[info] 
     ######## #### ########  ######## ########     ###     ######  ########
     ##        ##  ##     ## ##       ##     ##  ##   ##  ##       ##
     ######    ##  ########  ######   ########  #########  ######  ######
     ##        ##  ##    ##  ##       ##     ## ##     ##       ## ##
     ##       #### ##     ## ######## ########  ##     ##  ######  ########

You're about to initialize a Firebase project in this directory:

  /Users/joshpeterson/Library/CloudStorage/Dropbox/programming/education/NucampFolder/WebDev/3-React/portfolio_project/instagram-carousel

[info] 
=== Project Setup
[info] 
[info] First, let's associate this project directory with a Firebase project.
[info] You can create multiple project aliases by running firebase use --add, 
[info] but for now we'll just set up a default project.
[info] 
[debug] [2023-11-12T01:38:50.277Z] > refreshing access token with scopes: []
[debug] [2023-11-12T01:38:50.279Z] >>> [apiv2][query] POST https://www.googleapis.com/oauth2/v3/token [none]
[debug] [2023-11-12T01:38:50.279Z] >>> [apiv2][body] POST https://www.googleapis.com/oauth2/v3/token [omitted]
[debug] [2023-11-12T01:38:50.500Z] <<< [apiv2][status] POST https://www.googleapis.com/oauth2/v3/token 200
[debug] [2023-11-12T01:38:50.501Z] <<< [apiv2][body] POST https://www.googleapis.com/oauth2/v3/token [omitted]
[debug] [2023-11-12T01:38:50.561Z] >>> [apiv2][query] GET https://firebase.googleapis.com/v1beta1/projects pageSize=100
[debug] [2023-11-12T01:38:51.034Z] <<< [apiv2][status] GET https://firebase.googleapis.com/v1beta1/projects 200
[debug] [2023-11-12T01:38:51.034Z] <<< [apiv2][body] GET https://firebase.googleapis.com/v1beta1/projects [omitted]
[info] i  Using project instagram-carousel-c16b6 (instagram-carousel) 
[info] 
=== Hosting Setup
[info] 
[info] Your public directory is the folder (relative to your project directory) that
[info] will contain Hosting assets to be uploaded with firebase deploy. If you
[info] have a build process for your assets, use your build's output directory.
[info] 
